prepare task: /mnt/NFS1/zhangyanchao/src_mul_channel/multi_channel_20190310_05/decode_workspace_xdyx/audio_source/audio_part_000
start task: /mnt/NFS1/zhangyanchao/src_mul_channel/multi_channel_20190310_05/decode_workspace_xdyx/audio_source/audio_part_000
prepare task: /mnt/NFS1/zhangyanchao/src_mul_channel/multi_channel_20190310_05/decode_workspace_xdyx/audio_source/audio_part_002
prepare task: /mnt/NFS1/zhangyanchao/src_mul_channel/multi_channel_20190310_05/decode_workspace_xdyx/audio_source/audio_part_003
start task: /mnt/NFS1/zhangyanchao/src_mul_channel/multi_channel_20190310_05/decode_workspace_xdyx/audio_source/audio_part_003
prepare task: /mnt/NFS1/zhangyanchao/src_mul_channel/multi_channel_20190310_05/decode_workspace_xdyx/audio_source/audio_part_004
start task: /mnt/NFS1/zhangyanchao/src_mul_channel/multi_channel_20190310_05/decode_workspace_xdyx/audio_source/audio_part_004
prepare task: /mnt/NFS1/zhangyanchao/src_mul_channel/multi_channel_20190310_05/decode_workspace_xdyx/audio_source/audio_part_005
start task: /mnt/NFS1/zhangyanchao/src_mul_channel/multi_channel_20190310_05/decode_workspace_xdyx/audio_source/audio_part_005
prepare task: /mnt/NFS1/zhangyanchao/src_mul_channel/multi_channel_20190310_05/decode_workspace_xdyx/audio_source/audio_part_006
prepare task: /mnt/NFS1/zhangyanchao/src_mul_channel/multi_channel_20190310_05/decode_workspace_xdyx/audio_source/audio_part_007
start task: /mnt/NFS1/zhangyanchao/src_mul_channel/multi_channel_20190310_05/decode_workspace_xdyx/audio_source/audio_part_006
start task: /mnt/NFS1/zhangyanchao/src_mul_channel/multi_channel_20190310_05/decode_workspace_xdyx/audio_source/audio_part_007
start task: /mnt/NFS1/zhangyanchao/src_mul_channel/multi_channel_20190310_05/decode_workspace_xdyx/audio_source/audio_part_008
start task: /mnt/NFS1/zhangyanchao/src_mul_channel/multi_channel_20190310_05/decode_workspace_xdyx/audio_source/audio_part_009
log will be write in file: /mnt/NFS1/zhangyanchao/src_mul_channel/multi_channel_20190310_05/decode_workspace_xdyx//decode_log/decode_xdyx_20190310_05.audio_part_000.log
log will be write in file: /mnt/NFS1/zhangyanchao/src_mul_channel/multi_channel_20190310_05/decode_workspace_xdyx//decode_log/decode_xdyx_20190310_05.audio_part_001.log
log will be write in file: /mnt/NFS1/zhangyanchao/src_mul_channel/multi_channel_20190310_05/decode_workspace_xdyx//decode_log/decode_xdyx_20190310_05.audio_part_004.log
log will be write in file: /mnt/NFS1/zhangyanchao/src_mul_channel/multi_channel_20190310_05/decode_workspace_xdyx//decode_log/decode_xdyx_20190310_05.audio_part_006.log
log will be write in file: /mnt/NFS1/zhangyanchao/src_mul_channel/multi_channel_20190310_05/decode_workspace_xdyx//decode_log/decode_xdyx_20190310_05.audio_part_009.log
log will be write in file: /mnt/NFS1/zhangyanchao/src_mul_channel/multi_channel_20190310_05/decode_workspace_xdyx//decode_log/decode_xdyx_20190310_05.audio_part_008.log
log will be write in file: /mnt/NFS1/zhangyanchao/src_mul_channel/multi_channel_20190310_05/decode_workspace_xdyx//decode_log/decode_xdyx_20190310_05.audio_part_007.log
end task: /mnt/NFS1/zhangyanchao/src_mul_channel/multi_channel_20190310_05/decode_workspace_xdyx/audio_source/audio_part_006
prepare task: /mnt/NFS1/zhangyanchao/src_mul_channel/multi_channel_20190310_05/decode_workspace_xdyx/audio_source/audio_part_011
start task: /mnt/NFS1/zhangyanchao/src_mul_channel/multi_channel_20190310_05/decode_workspace_xdyx/audio_source/audio_part_010
Parameter </mnt/NFS1/zhangyanchao/src_mul_channel/multi_channel_20190310_05/decode_workspace_xdyx/audio_source/audio_part_010> not exist.
end task: /mnt/NFS1/zhangyanchao/src_mul_channel/multi_channel_20190310_05/decode_workspace_xdyx/audio_source/audio_part_010
prepare task: /mnt/NFS1/zhangyanchao/src_mul_channel/multi_channel_20190310_05/decode_workspace_xdyx/audio_source/audio_part_012
start task: /mnt/NFS1/zhangyanchao/src_mul_channel/multi_channel_20190310_05/decode_workspace_xdyx/audio_source/audio_part_011
Parameter </mnt/NFS1/zhangyanchao/src_mul_channel/multi_channel_20190310_05/decode_workspace_xdyx/audio_source/audio_part_011> not exist.
end task: /mnt/NFS1/zhangyanchao/src_mul_channel/multi_channel_20190310_05/decode_workspace_xdyx/audio_source/audio_part_011
prepare task: /mnt/NFS1/zhangyanchao/src_mul_channel/multi_channel_20190310_05/decode_workspace_xdyx/audio_source/audio_part_013
start task: /mnt/NFS1/zhangyanchao/src_mul_channel/multi_channel_20190310_05/decode_workspace_xdyx/audio_source/audio_part_012
Parameter </mnt/NFS1/zhangyanchao/src_mul_channel/multi_channel_20190310_05/decode_workspace_xdyx/audio_source/audio_part_012> not exist.
end task: /mnt/NFS1/zhangyanchao/src_mul_channel/multi_channel_20190310_05/decode_workspace_xdyx/audio_source/audio_part_012
prepare task: /mnt/NFS1/zhangyanchao/src_mul_channel/multi_channel_20190310_05/decode_workspace_xdyx/audio_source/audio_part_014
start task: /mnt/NFS1/zhangyanchao/src_mul_channel/multi_channel_20190310_05/decode_workspace_xdyx/audio_source/audio_part_013
Parameter </mnt/NFS1/zhangyanchao/src_mul_channel/multi_channel_20190310_05/decode_workspace_xdyx/audio_source/audio_part_013> not exist.
end task: /mnt/NFS1/zhangyanchao/src_mul_channel/multi_channel_20190310_05/decode_workspace_xdyx/audio_source/audio_part_013
prepare task: /mnt/NFS1/zhangyanchao/src_mul_channel/multi_channel_20190310_05/decode_workspace_xdyx/audio_source/audio_part_015
start task: /mnt/NFS1/zhangyanchao/src_mul_channel/multi_channel_20190310_05/decode_workspace_xdyx/audio_source/audio_part_014
Parameter </mnt/NFS1/zhangyanchao/src_mul_channel/multi_channel_20190310_05/decode_workspace_xdyx/audio_source/audio_part_014> not exist.
end task: /mnt/NFS1/zhangyanchao/src_mul_channel/multi_channel_20190310_05/decode_workspace_xdyx/audio_source/audio_part_014
prepare task: /mnt/NFS1/zhangyanchao/src_mul_channel/multi_channel_20190310_05/decode_workspace_xdyx/audio_source/audio_part_016
start task: /mnt/NFS1/zhangyanchao/src_mul_channel/multi_channel_20190310_05/decode_workspace_xdyx/audio_source/audio_part_015
Parameter </mnt/NFS1/zhangyanchao/src_mul_channel/multi_channel_20190310_05/decode_workspace_xdyx/audio_source/audio_part_015> not exist.
end task: /mnt/NFS1/zhangyanchao/src_mul_channel/multi_channel_20190310_05/decode_workspace_xdyx/audio_source/audio_part_015
prepare task: /mnt/NFS1/zhangyanchao/src_mul_channel/multi_channel_20190310_05/decode_workspace_xdyx/audio_source/audio_part_017
start task: /mnt/NFS1/zhangyanchao/src_mul_channel/multi_channel_20190310_05/decode_workspace_xdyx/audio_source/audio_part_016
Parameter </mnt/NFS1/zhangyanchao/src_mul_channel/multi_channel_20190310_05/decode_workspace_xdyx/audio_source/audio_part_016> not exist.
end task: /mnt/NFS1/zhangyanchao/src_mul_channel/multi_channel_20190310_05/decode_workspace_xdyx/audio_source/audio_part_016
prepare task: /mnt/NFS1/zhangyanchao/src_mul_channel/multi_channel_20190310_05/decode_workspace_xdyx/audio_source/audio_part_018
start task: /mnt/NFS1/zhangyanchao/src_mul_channel/multi_channel_20190310_05/decode_workspace_xdyx/audio_source/audio_part_017
Parameter </mnt/NFS1/zhangyanchao/src_mul_channel/multi_channel_20190310_05/decode_workspace_xdyx/audio_source/audio_part_017> not exist.
end task: /mnt/NFS1/zhangyanchao/src_mul_channel/multi_channel_20190310_05/decode_workspace_xdyx/audio_source/audio_part_017
prepare task: /mnt/NFS1/zhangyanchao/src_mul_channel/multi_channel_20190310_05/decode_workspace_xdyx/audio_source/audio_part_019
start task: /mnt/NFS1/zhangyanchao/src_mul_channel/multi_channel_20190310_05/decode_workspace_xdyx/audio_source/audio_part_018
Parameter </mnt/NFS1/zhangyanchao/src_mul_channel/multi_channel_20190310_05/decode_workspace_xdyx/audio_source/audio_part_018> not exist.
end task: /mnt/NFS1/zhangyanchao/src_mul_channel/multi_channel_20190310_05/decode_workspace_xdyx/audio_source/audio_part_018
prepare task: /mnt/NFS1/zhangyanchao/src_mul_channel/multi_channel_20190310_05/decode_workspace_xdyx/audio_source/audio_part_020
start task: /mnt/NFS1/zhangyanchao/src_mul_channel/multi_channel_20190310_05/decode_workspace_xdyx/audio_source/audio_part_019
Parameter </mnt/NFS1/zhangyanchao/src_mul_channel/multi_channel_20190310_05/decode_workspace_xdyx/audio_source/audio_part_019> not exist.
end task: /mnt/NFS1/zhangyanchao/src_mul_channel/multi_channel_20190310_05/decode_workspace_xdyx/audio_source/audio_part_019
prepare task: /mnt/NFS1/zhangyanchao/src_mul_channel/multi_channel_20190310_05/decode_workspace_xdyx/audio_source/audio_part_021
start task: /mnt/NFS1/zhangyanchao/src_mul_channel/multi_channel_20190310_05/decode_workspace_xdyx/audio_source/audio_part_020
Parameter </mnt/NFS1/zhangyanchao/src_mul_channel/multi_channel_20190310_05/decode_workspace_xdyx/audio_source/audio_part_020> not exist.
end task: /mnt/NFS1/zhangyanchao/src_mul_channel/multi_channel_20190310_05/decode_workspace_xdyx/audio_source/audio_part_020
prepare task: /mnt/NFS1/zhangyanchao/src_mul_channel/multi_channel_20190310_05/decode_workspace_xdyx/audio_source/audio_part_022
start task: /mnt/NFS1/zhangyanchao/src_mul_channel/multi_channel_20190310_05/decode_workspace_xdyx/audio_source/audio_part_021
Parameter </mnt/NFS1/zhangyanchao/src_mul_channel/multi_channel_20190310_05/decode_workspace_xdyx/audio_source/audio_part_021> not exist.
end task: /mnt/NFS1/zhangyanchao/src_mul_channel/multi_channel_20190310_05/decode_workspace_xdyx/audio_source/audio_part_021
prepare task: /mnt/NFS1/zhangyanchao/src_mul_channel/multi_channel_20190310_05/decode_workspace_xdyx/audio_source/audio_part_023
start task: /mnt/NFS1/zhangyanchao/src_mul_channel/multi_channel_20190310_05/decode_workspace_xdyx/audio_source/audio_part_022
Parameter </mnt/NFS1/zhangyanchao/src_mul_channel/multi_channel_20190310_05/decode_workspace_xdyx/audio_source/audio_part_022> not exist.
end task: /mnt/NFS1/zhangyanchao/src_mul_channel/multi_channel_20190310_05/decode_workspace_xdyx/audio_source/audio_part_022
prepare task: /mnt/NFS1/zhangyanchao/src_mul_channel/multi_channel_20190310_05/decode_workspace_xdyx/audio_source/audio_part_024
start task: /mnt/NFS1/zhangyanchao/src_mul_channel/multi_channel_20190310_05/decode_workspace_xdyx/audio_source/audio_part_023
Parameter </mnt/NFS1/zhangyanchao/src_mul_channel/multi_channel_20190310_05/decode_workspace_xdyx/audio_source/audio_part_023> not exist.
end task: /mnt/NFS1/zhangyanchao/src_mul_channel/multi_channel_20190310_05/decode_workspace_xdyx/audio_source/audio_part_023
prepare task: /mnt/NFS1/zhangyanchao/src_mul_channel/multi_channel_20190310_05/decode_workspace_xdyx/audio_source/audio_part_025
start task: /mnt/NFS1/zhangyanchao/src_mul_channel/multi_channel_20190310_05/decode_workspace_xdyx/audio_source/audio_part_024
Parameter </mnt/NFS1/zhangyanchao/src_mul_channel/multi_channel_20190310_05/decode_workspace_xdyx/audio_source/audio_part_024> not exist.
end task: /mnt/NFS1/zhangyanchao/src_mul_channel/multi_channel_20190310_05/decode_workspace_xdyx/audio_source/audio_part_024
prepare task: /mnt/NFS1/zhangyanchao/src_mul_channel/multi_channel_20190310_05/decode_workspace_xdyx/audio_source/audio_part_026
start task: /mnt/NFS1/zhangyanchao/src_mul_channel/multi_channel_20190310_05/decode_workspace_xdyx/audio_source/audio_part_025
Parameter </mnt/NFS1/zhangyanchao/src_mul_channel/multi_channel_20190310_05/decode_workspace_xdyx/audio_source/audio_part_025> not exist.
end task: /mnt/NFS1/zhangyanchao/src_mul_channel/multi_channel_20190310_05/decode_workspace_xdyx/audio_source/audio_part_025
prepare task: /mnt/NFS1/zhangyanchao/src_mul_channel/multi_channel_20190310_05/decode_workspace_xdyx/audio_source/audio_part_027
start task: /mnt/NFS1/zhangyanchao/src_mul_channel/multi_channel_20190310_05/decode_workspace_xdyx/audio_source/audio_part_026
Parameter </mnt/NFS1/zhangyanchao/src_mul_channel/multi_channel_20190310_05/decode_workspace_xdyx/audio_source/audio_part_026> not exist.
end task: /mnt/NFS1/zhangyanchao/src_mul_channel/multi_channel_20190310_05/decode_workspace_xdyx/audio_source/audio_part_026
prepare task: /mnt/NFS1/zhangyanchao/src_mul_channel/multi_channel_20190310_05/decode_workspace_xdyx/audio_source/audio_part_028
start task: /mnt/NFS1/zhangyanchao/src_mul_channel/multi_channel_20190310_05/decode_workspace_xdyx/audio_source/audio_part_027
Parameter </mnt/NFS1/zhangyanchao/src_mul_channel/multi_channel_20190310_05/decode_workspace_xdyx/audio_source/audio_part_027> not exist.
end task: /mnt/NFS1/zhangyanchao/src_mul_channel/multi_channel_20190310_05/decode_workspace_xdyx/audio_source/audio_part_027
prepare task: /mnt/NFS1/zhangyanchao/src_mul_channel/multi_channel_20190310_05/decode_workspace_xdyx/audio_source/audio_part_029
start task: /mnt/NFS1/zhangyanchao/src_mul_channel/multi_channel_20190310_05/decode_workspace_xdyx/audio_source/audio_part_028
Parameter </mnt/NFS1/zhangyanchao/src_mul_channel/multi_channel_20190310_05/decode_workspace_xdyx/audio_source/audio_part_028> not exist.
end task: /mnt/NFS1/zhangyanchao/src_mul_channel/multi_channel_20190310_05/decode_workspace_xdyx/audio_source/audio_part_028
prepare task: /mnt/NFS1/zhangyanchao/src_mul_channel/multi_channel_20190310_05/decode_workspace_xdyx/audio_source/audio_part_030
start task: /mnt/NFS1/zhangyanchao/src_mul_channel/multi_channel_20190310_05/decode_workspace_xdyx/audio_source/audio_part_029
Parameter </mnt/NFS1/zhangyanchao/src_mul_channel/multi_channel_20190310_05/decode_workspace_xdyx/audio_source/audio_part_029> not exist.
end task: /mnt/NFS1/zhangyanchao/src_mul_channel/multi_channel_20190310_05/decode_workspace_xdyx/audio_source/audio_part_029
prepare task: /mnt/NFS1/zhangyanchao/src_mul_channel/multi_channel_20190310_05/decode_workspace_xdyx/audio_source/audio_part_031
start task: /mnt/NFS1/zhangyanchao/src_mul_channel/multi_channel_20190310_05/decode_workspace_xdyx/audio_source/audio_part_030
Parameter </mnt/NFS1/zhangyanchao/src_mul_channel/multi_channel_20190310_05/decode_workspace_xdyx/audio_source/audio_part_030> not exist.
end task: /mnt/NFS1/zhangyanchao/src_mul_channel/multi_channel_20190310_05/decode_workspace_xdyx/audio_source/audio_part_030
prepare task: /mnt/NFS1/zhangyanchao/src_mul_channel/multi_channel_20190310_05/decode_workspace_xdyx/audio_source/audio_part_032
start task: /mnt/NFS1/zhangyanchao/src_mul_channel/multi_channel_20190310_05/decode_workspace_xdyx/audio_source/audio_part_031
Parameter </mnt/NFS1/zhangyanchao/src_mul_channel/multi_channel_20190310_05/decode_workspace_xdyx/audio_source/audio_part_031> not exist.
end task: /mnt/NFS1/zhangyanchao/src_mul_channel/multi_channel_20190310_05/decode_workspace_xdyx/audio_source/audio_part_031
prepare task: /mnt/NFS1/zhangyanchao/src_mul_channel/multi_channel_20190310_05/decode_workspace_xdyx/audio_source/audio_part_033
start task: /mnt/NFS1/zhangyanchao/src_mul_channel/multi_channel_20190310_05/decode_workspace_xdyx/audio_source/audio_part_032
Parameter </mnt/NFS1/zhangyanchao/src_mul_channel/multi_channel_20190310_05/decode_workspace_xdyx/audio_source/audio_part_032> not exist.
end task: /mnt/NFS1/zhangyanchao/src_mul_channel/multi_channel_20190310_05/decode_workspace_xdyx/audio_source/audio_part_032
prepare task: /mnt/NFS1/zhangyanchao/src_mul_channel/multi_channel_20190310_05/decode_workspace_xdyx/audio_source/audio_part_034
start task: /mnt/NFS1/zhangyanchao/src_mul_channel/multi_channel_20190310_05/decode_workspace_xdyx/audio_source/audio_part_033
Parameter </mnt/NFS1/zhangyanchao/src_mul_channel/multi_channel_20190310_05/decode_workspace_xdyx/audio_source/audio_part_033> not exist.
end task: /mnt/NFS1/zhangyanchao/src_mul_channel/multi_channel_20190310_05/decode_workspace_xdyx/audio_source/audio_part_033
prepare task: /mnt/NFS1/zhangyanchao/src_mul_channel/multi_channel_20190310_05/decode_workspace_xdyx/audio_source/audio_part_035
start task: /mnt/NFS1/zhangyanchao/src_mul_channel/multi_channel_20190310_05/decode_workspace_xdyx/audio_source/audio_part_034
Parameter </mnt/NFS1/zhangyanchao/src_mul_channel/multi_channel_20190310_05/decode_workspace_xdyx/audio_source/audio_part_034> not exist.
end task: /mnt/NFS1/zhangyanchao/src_mul_channel/multi_channel_20190310_05/decode_workspace_xdyx/audio_source/audio_part_034
prepare task: /mnt/NFS1/zhangyanchao/src_mul_channel/multi_channel_20190310_05/decode_workspace_xdyx/audio_source/audio_part_036
start task: /mnt/NFS1/zhangyanchao/src_mul_channel/multi_channel_20190310_05/decode_workspace_xdyx/audio_source/audio_part_035
Parameter </mnt/NFS1/zhangyanchao/src_mul_channel/multi_channel_20190310_05/decode_workspace_xdyx/audio_source/audio_part_035> not exist.
end task: /mnt/NFS1/zhangyanchao/src_mul_channel/multi_channel_20190310_05/decode_workspace_xdyx/audio_source/audio_part_035
prepare task: /mnt/NFS1/zhangyanchao/src_mul_channel/multi_channel_20190310_05/decode_workspace_xdyx/audio_source/audio_part_037
start task: /mnt/NFS1/zhangyanchao/src_mul_channel/multi_channel_20190310_05/decode_workspace_xdyx/audio_source/audio_part_036
Parameter </mnt/NFS1/zhangyanchao/src_mul_channel/multi_channel_20190310_05/decode_workspace_xdyx/audio_source/audio_part_036> not exist.
end task: /mnt/NFS1/zhangyanchao/src_mul_channel/multi_channel_20190310_05/decode_workspace_xdyx/audio_source/audio_part_036
prepare task: /mnt/NFS1/zhangyanchao/src_mul_channel/multi_channel_20190310_05/decode_workspace_xdyx/audio_source/audio_part_038
start task: /mnt/NFS1/zhangyanchao/src_mul_channel/multi_channel_20190310_05/decode_workspace_xdyx/audio_source/audio_part_037
Parameter </mnt/NFS1/zhangyanchao/src_mul_channel/multi_channel_20190310_05/decode_workspace_xdyx/audio_source/audio_part_037> not exist.
end task: /mnt/NFS1/zhangyanchao/src_mul_channel/multi_channel_20190310_05/decode_workspace_xdyx/audio_source/audio_part_037
prepare task: /mnt/NFS1/zhangyanchao/src_mul_channel/multi_channel_20190310_05/decode_workspace_xdyx/audio_source/audio_part_039
start task: /mnt/NFS1/zhangyanchao/src_mul_channel/multi_channel_20190310_05/decode_workspace_xdyx/audio_source/audio_part_038
Parameter </mnt/NFS1/zhangyanchao/src_mul_channel/multi_channel_20190310_05/decode_workspace_xdyx/audio_source/audio_part_038> not exist.
end task: /mnt/NFS1/zhangyanchao/src_mul_channel/multi_channel_20190310_05/decode_workspace_xdyx/audio_source/audio_part_038
prepare task: /mnt/NFS1/zhangyanchao/src_mul_channel/multi_channel_20190310_05/decode_workspace_xdyx/audio_source/audio_part_040
start task: /mnt/NFS1/zhangyanchao/src_mul_channel/multi_channel_20190310_05/decode_workspace_xdyx/audio_source/audio_part_039
Parameter </mnt/NFS1/zhangyanchao/src_mul_channel/multi_channel_20190310_05/decode_workspace_xdyx/audio_source/audio_part_039> not exist.
end task: /mnt/NFS1/zhangyanchao/src_mul_channel/multi_channel_20190310_05/decode_workspace_xdyx/audio_source/audio_part_039
prepare task: /mnt/NFS1/zhangyanchao/src_mul_channel/multi_channel_20190310_05/decode_workspace_xdyx/audio_source/audio_part_041
start task: /mnt/NFS1/zhangyanchao/src_mul_channel/multi_channel_20190310_05/decode_workspace_xdyx/audio_source/audio_part_040
Parameter </mnt/NFS1/zhangyanchao/src_mul_channel/multi_channel_20190310_05/decode_workspace_xdyx/audio_source/audio_part_040> not exist.
end task: /mnt/NFS1/zhangyanchao/src_mul_channel/multi_channel_20190310_05/decode_workspace_xdyx/audio_source/audio_part_040
prepare task: /mnt/NFS1/zhangyanchao/src_mul_channel/multi_channel_20190310_05/decode_workspace_xdyx/audio_source/audio_part_042
start task: /mnt/NFS1/zhangyanchao/src_mul_channel/multi_channel_20190310_05/decode_workspace_xdyx/audio_source/audio_part_041
Parameter </mnt/NFS1/zhangyanchao/src_mul_channel/multi_channel_20190310_05/decode_workspace_xdyx/audio_source/audio_part_041> not exist.
end task: /mnt/NFS1/zhangyanchao/src_mul_channel/multi_channel_20190310_05/decode_workspace_xdyx/audio_source/audio_part_041
prepare task: /mnt/NFS1/zhangyanchao/src_mul_channel/multi_channel_20190310_05/decode_workspace_xdyx/audio_source/audio_part_043
start task: /mnt/NFS1/zhangyanchao/src_mul_channel/multi_channel_20190310_05/decode_workspace_xdyx/audio_source/audio_part_042
Parameter </mnt/NFS1/zhangyanchao/src_mul_channel/multi_channel_20190310_05/decode_workspace_xdyx/audio_source/audio_part_042> not exist.
end task: /mnt/NFS1/zhangyanchao/src_mul_channel/multi_channel_20190310_05/decode_workspace_xdyx/audio_source/audio_part_042
prepare task: /mnt/NFS1/zhangyanchao/src_mul_channel/multi_channel_20190310_05/decode_workspace_xdyx/audio_source/audio_part_044
start task: /mnt/NFS1/zhangyanchao/src_mul_channel/multi_channel_20190310_05/decode_workspace_xdyx/audio_source/audio_part_043
Parameter </mnt/NFS1/zhangyanchao/src_mul_channel/multi_channel_20190310_05/decode_workspace_xdyx/audio_source/audio_part_043> not exist.
end task: /mnt/NFS1/zhangyanchao/src_mul_channel/multi_channel_20190310_05/decode_workspace_xdyx/audio_source/audio_part_043
prepare task: /mnt/NFS1/zhangyanchao/src_mul_channel/multi_channel_20190310_05/decode_workspace_xdyx/audio_source/audio_part_045
start task: /mnt/NFS1/zhangyanchao/src_mul_channel/multi_channel_20190310_05/decode_workspace_xdyx/audio_source/audio_part_044
Parameter </mnt/NFS1/zhangyanchao/src_mul_channel/multi_channel_20190310_05/decode_workspace_xdyx/audio_source/audio_part_044> not exist.
end task: /mnt/NFS1/zhangyanchao/src_mul_channel/multi_channel_20190310_05/decode_workspace_xdyx/audio_source/audio_part_044
prepare task: /mnt/NFS1/zhangyanchao/src_mul_channel/multi_channel_20190310_05/decode_workspace_xdyx/audio_source/audio_part_046
start task: /mnt/NFS1/zhangyanchao/src_mul_channel/multi_channel_20190310_05/decode_workspace_xdyx/audio_source/audio_part_045
Parameter </mnt/NFS1/zhangyanchao/src_mul_channel/multi_channel_20190310_05/decode_workspace_xdyx/audio_source/audio_part_045> not exist.
end task: /mnt/NFS1/zhangyanchao/src_mul_channel/multi_channel_20190310_05/decode_workspace_xdyx/audio_source/audio_part_045
prepare task: /mnt/NFS1/zhangyanchao/src_mul_channel/multi_channel_20190310_05/decode_workspace_xdyx/audio_source/audio_part_047
start task: /mnt/NFS1/zhangyanchao/src_mul_channel/multi_channel_20190310_05/decode_workspace_xdyx/audio_source/audio_part_046
Parameter </mnt/NFS1/zhangyanchao/src_mul_channel/multi_channel_20190310_05/decode_workspace_xdyx/audio_source/audio_part_046> not exist.
end task: /mnt/NFS1/zhangyanchao/src_mul_channel/multi_channel_20190310_05/decode_workspace_xdyx/audio_source/audio_part_046
prepare task: /mnt/NFS1/zhangyanchao/src_mul_channel/multi_channel_20190310_05/decode_workspace_xdyx/audio_source/audio_part_048
start task: /mnt/NFS1/zhangyanchao/src_mul_channel/multi_channel_20190310_05/decode_workspace_xdyx/audio_source/audio_part_047
Parameter </mnt/NFS1/zhangyanchao/src_mul_channel/multi_channel_20190310_05/decode_workspace_xdyx/audio_source/audio_part_047> not exist.
end task: /mnt/NFS1/zhangyanchao/src_mul_channel/multi_channel_20190310_05/decode_workspace_xdyx/audio_source/audio_part_047
prepare task: /mnt/NFS1/zhangyanchao/src_mul_channel/multi_channel_20190310_05/decode_workspace_xdyx/audio_source/audio_part_049
start task: /mnt/NFS1/zhangyanchao/src_mul_channel/multi_channel_20190310_05/decode_workspace_xdyx/audio_source/audio_part_048
Parameter </mnt/NFS1/zhangyanchao/src_mul_channel/multi_channel_20190310_05/decode_workspace_xdyx/audio_source/audio_part_048> not exist.
end task: /mnt/NFS1/zhangyanchao/src_mul_channel/multi_channel_20190310_05/decode_workspace_xdyx/audio_source/audio_part_048
prepare task: /mnt/NFS1/zhangyanchao/src_mul_channel/multi_channel_20190310_05/decode_workspace_xdyx/audio_source/audio_part_050
start task: /mnt/NFS1/zhangyanchao/src_mul_channel/multi_channel_20190310_05/decode_workspace_xdyx/audio_source/audio_part_049
Parameter </mnt/NFS1/zhangyanchao/src_mul_channel/multi_channel_20190310_05/decode_workspace_xdyx/audio_source/audio_part_049> not exist.
end task: /mnt/NFS1/zhangyanchao/src_mul_channel/multi_channel_20190310_05/decode_workspace_xdyx/audio_source/audio_part_049
prepare task: /mnt/NFS1/zhangyanchao/src_mul_channel/multi_channel_20190310_05/decode_workspace_xdyx/audio_source/audio_part_051
start task: /mnt/NFS1/zhangyanchao/src_mul_channel/multi_channel_20190310_05/decode_workspace_xdyx/audio_source/audio_part_050
Parameter </mnt/NFS1/zhangyanchao/src_mul_channel/multi_channel_20190310_05/decode_workspace_xdyx/audio_source/audio_part_050> not exist.
end task: /mnt/NFS1/zhangyanchao/src_mul_channel/multi_channel_20190310_05/decode_workspace_xdyx/audio_source/audio_part_050
prepare task: /mnt/NFS1/zhangyanchao/src_mul_channel/multi_channel_20190310_05/decode_workspace_xdyx/audio_source/audio_part_052
start task: /mnt/NFS1/zhangyanchao/src_mul_channel/multi_channel_20190310_05/decode_workspace_xdyx/audio_source/audio_part_051
Parameter </mnt/NFS1/zhangyanchao/src_mul_channel/multi_channel_20190310_05/decode_workspace_xdyx/audio_source/audio_part_051> not exist.
end task: /mnt/NFS1/zhangyanchao/src_mul_channel/multi_channel_20190310_05/decode_workspace_xdyx/audio_source/audio_part_051
prepare task: /mnt/NFS1/zhangyanchao/src_mul_channel/multi_channel_20190310_05/decode_workspace_xdyx/audio_source/audio_part_053
start task: /mnt/NFS1/zhangyanchao/src_mul_channel/multi_channel_20190310_05/decode_workspace_xdyx/audio_source/audio_part_052
Parameter </mnt/NFS1/zhangyanchao/src_mul_channel/multi_channel_20190310_05/decode_workspace_xdyx/audio_source/audio_part_052> not exist.
end task: /mnt/NFS1/zhangyanchao/src_mul_channel/multi_channel_20190310_05/decode_workspace_xdyx/audio_source/audio_part_052
prepare task: /mnt/NFS1/zhangyanchao/src_mul_channel/multi_channel_20190310_05/decode_workspace_xdyx/audio_source/audio_part_054
start task: /mnt/NFS1/zhangyanchao/src_mul_channel/multi_channel_20190310_05/decode_workspace_xdyx/audio_source/audio_part_053
Parameter </mnt/NFS1/zhangyanchao/src_mul_channel/multi_channel_20190310_05/decode_workspace_xdyx/audio_source/audio_part_053> not exist.
end task: /mnt/NFS1/zhangyanchao/src_mul_channel/multi_channel_20190310_05/decode_workspace_xdyx/audio_source/audio_part_053
prepare task: /mnt/NFS1/zhangyanchao/src_mul_channel/multi_channel_20190310_05/decode_workspace_xdyx/audio_source/audio_part_055
start task: /mnt/NFS1/zhangyanchao/src_mul_channel/multi_channel_20190310_05/decode_workspace_xdyx/audio_source/audio_part_054
Parameter </mnt/NFS1/zhangyanchao/src_mul_channel/multi_channel_20190310_05/decode_workspace_xdyx/audio_source/audio_part_054> not exist.
end task: /mnt/NFS1/zhangyanchao/src_mul_channel/multi_channel_20190310_05/decode_workspace_xdyx/audio_source/audio_part_054
prepare task: /mnt/NFS1/zhangyanchao/src_mul_channel/multi_channel_20190310_05/decode_workspace_xdyx/audio_source/audio_part_056
start task: /mnt/NFS1/zhangyanchao/src_mul_channel/multi_channel_20190310_05/decode_workspace_xdyx/audio_source/audio_part_055
Parameter </mnt/NFS1/zhangyanchao/src_mul_channel/multi_channel_20190310_05/decode_workspace_xdyx/audio_source/audio_part_055> not exist.
end task: /mnt/NFS1/zhangyanchao/src_mul_channel/multi_channel_20190310_05/decode_workspace_xdyx/audio_source/audio_part_055
prepare task: /mnt/NFS1/zhangyanchao/src_mul_channel/multi_channel_20190310_05/decode_workspace_xdyx/audio_source/audio_part_057
start task: /mnt/NFS1/zhangyanchao/src_mul_channel/multi_channel_20190310_05/decode_workspace_xdyx/audio_source/audio_part_056
Parameter </mnt/NFS1/zhangyanchao/src_mul_channel/multi_channel_20190310_05/decode_workspace_xdyx/audio_source/audio_part_056> not exist.
end task: /mnt/NFS1/zhangyanchao/src_mul_channel/multi_channel_20190310_05/decode_workspace_xdyx/audio_source/audio_part_056
prepare task: /mnt/NFS1/zhangyanchao/src_mul_channel/multi_channel_20190310_05/decode_workspace_xdyx/audio_source/audio_part_058
start task: /mnt/NFS1/zhangyanchao/src_mul_channel/multi_channel_20190310_05/decode_workspace_xdyx/audio_source/audio_part_057
Parameter </mnt/NFS1/zhangyanchao/src_mul_channel/multi_channel_20190310_05/decode_workspace_xdyx/audio_source/audio_part_057> not exist.
end task: /mnt/NFS1/zhangyanchao/src_mul_channel/multi_channel_20190310_05/decode_workspace_xdyx/audio_source/audio_part_057
prepare task: /mnt/NFS1/zhangyanchao/src_mul_channel/multi_channel_20190310_05/decode_workspace_xdyx/audio_source/audio_part_059
start task: /mnt/NFS1/zhangyanchao/src_mul_channel/multi_channel_20190310_05/decode_workspace_xdyx/audio_source/audio_part_058
Parameter </mnt/NFS1/zhangyanchao/src_mul_channel/multi_channel_20190310_05/decode_workspace_xdyx/audio_source/audio_part_058> not exist.
end task: /mnt/NFS1/zhangyanchao/src_mul_channel/multi_channel_20190310_05/decode_workspace_xdyx/audio_source/audio_part_058
prepare task: /mnt/NFS1/zhangyanchao/src_mul_channel/multi_channel_20190310_05/decode_workspace_xdyx/audio_source/audio_part_060
start task: /mnt/NFS1/zhangyanchao/src_mul_channel/multi_channel_20190310_05/decode_workspace_xdyx/audio_source/audio_part_059
Parameter </mnt/NFS1/zhangyanchao/src_mul_channel/multi_channel_20190310_05/decode_workspace_xdyx/audio_source/audio_part_059> not exist.
end task: /mnt/NFS1/zhangyanchao/src_mul_channel/multi_channel_20190310_05/decode_workspace_xdyx/audio_source/audio_part_059
prepare task: /mnt/NFS1/zhangyanchao/src_mul_channel/multi_channel_20190310_05/decode_workspace_xdyx/audio_source/audio_part_061
start task: /mnt/NFS1/zhangyanchao/src_mul_channel/multi_channel_20190310_05/decode_workspace_xdyx/audio_source/audio_part_060
Parameter </mnt/NFS1/zhangyanchao/src_mul_channel/multi_channel_20190310_05/decode_workspace_xdyx/audio_source/audio_part_060> not exist.
end task: /mnt/NFS1/zhangyanchao/src_mul_channel/multi_channel_20190310_05/decode_workspace_xdyx/audio_source/audio_part_060
prepare task: /mnt/NFS1/zhangyanchao/src_mul_channel/multi_channel_20190310_05/decode_workspace_xdyx/audio_source/audio_part_062
start task: /mnt/NFS1/zhangyanchao/src_mul_channel/multi_channel_20190310_05/decode_workspace_xdyx/audio_source/audio_part_061
Parameter </mnt/NFS1/zhangyanchao/src_mul_channel/multi_channel_20190310_05/decode_workspace_xdyx/audio_source/audio_part_061> not exist.
end task: /mnt/NFS1/zhangyanchao/src_mul_channel/multi_channel_20190310_05/decode_workspace_xdyx/audio_source/audio_part_061
prepare task: /mnt/NFS1/zhangyanchao/src_mul_channel/multi_channel_20190310_05/decode_workspace_xdyx/audio_source/audio_part_063
start task: /mnt/NFS1/zhangyanchao/src_mul_channel/multi_channel_20190310_05/decode_workspace_xdyx/audio_source/audio_part_062
Parameter </mnt/NFS1/zhangyanchao/src_mul_channel/multi_channel_20190310_05/decode_workspace_xdyx/audio_source/audio_part_062> not exist.
end task: /mnt/NFS1/zhangyanchao/src_mul_channel/multi_channel_20190310_05/decode_workspace_xdyx/audio_source/audio_part_062
prepare task: /mnt/NFS1/zhangyanchao/src_mul_channel/multi_channel_20190310_05/decode_workspace_xdyx/audio_source/audio_part_064
start task: /mnt/NFS1/zhangyanchao/src_mul_channel/multi_channel_20190310_05/decode_workspace_xdyx/audio_source/audio_part_063
Parameter </mnt/NFS1/zhangyanchao/src_mul_channel/multi_channel_20190310_05/decode_workspace_xdyx/audio_source/audio_part_063> not exist.
end task: /mnt/NFS1/zhangyanchao/src_mul_channel/multi_channel_20190310_05/decode_workspace_xdyx/audio_source/audio_part_063
prepare task: /mnt/NFS1/zhangyanchao/src_mul_channel/multi_channel_20190310_05/decode_workspace_xdyx/audio_source/audio_part_065
start task: /mnt/NFS1/zhangyanchao/src_mul_channel/multi_channel_20190310_05/decode_workspace_xdyx/audio_source/audio_part_064
Parameter </mnt/NFS1/zhangyanchao/src_mul_channel/multi_channel_20190310_05/decode_workspace_xdyx/audio_source/audio_part_064> not exist.
end task: /mnt/NFS1/zhangyanchao/src_mul_channel/multi_channel_20190310_05/decode_workspace_xdyx/audio_source/audio_part_064
prepare task: /mnt/NFS1/zhangyanchao/src_mul_channel/multi_channel_20190310_05/decode_workspace_xdyx/audio_source/audio_part_066
start task: /mnt/NFS1/zhangyanchao/src_mul_channel/multi_channel_20190310_05/decode_workspace_xdyx/audio_source/audio_part_065
Parameter </mnt/NFS1/zhangyanchao/src_mul_channel/multi_channel_20190310_05/decode_workspace_xdyx/audio_source/audio_part_065> not exist.
end task: /mnt/NFS1/zhangyanchao/src_mul_channel/multi_channel_20190310_05/decode_workspace_xdyx/audio_source/audio_part_065
prepare task: /mnt/NFS1/zhangyanchao/src_mul_channel/multi_channel_20190310_05/decode_workspace_xdyx/audio_source/audio_part_067
start task: /mnt/NFS1/zhangyanchao/src_mul_channel/multi_channel_20190310_05/decode_workspace_xdyx/audio_source/audio_part_066
Parameter </mnt/NFS1/zhangyanchao/src_mul_channel/multi_channel_20190310_05/decode_workspace_xdyx/audio_source/audio_part_066> not exist.
end task: /mnt/NFS1/zhangyanchao/src_mul_channel/multi_channel_20190310_05/decode_workspace_xdyx/audio_source/audio_part_066
prepare task: /mnt/NFS1/zhangyanchao/src_mul_channel/multi_channel_20190310_05/decode_workspace_xdyx/audio_source/audio_part_068
start task: /mnt/NFS1/zhangyanchao/src_mul_channel/multi_channel_20190310_05/decode_workspace_xdyx/audio_source/audio_part_067
Parameter </mnt/NFS1/zhangyanchao/src_mul_channel/multi_channel_20190310_05/decode_workspace_xdyx/audio_source/audio_part_067> not exist.
end task: /mnt/NFS1/zhangyanchao/src_mul_channel/multi_channel_20190310_05/decode_workspace_xdyx/audio_source/audio_part_067
prepare task: /mnt/NFS1/zhangyanchao/src_mul_channel/multi_channel_20190310_05/decode_workspace_xdyx/audio_source/audio_part_069
start task: /mnt/NFS1/zhangyanchao/src_mul_channel/multi_channel_20190310_05/decode_workspace_xdyx/audio_source/audio_part_068
Parameter </mnt/NFS1/zhangyanchao/src_mul_channel/multi_channel_20190310_05/decode_workspace_xdyx/audio_source/audio_part_068> not exist.
end task: /mnt/NFS1/zhangyanchao/src_mul_channel/multi_channel_20190310_05/decode_workspace_xdyx/audio_source/audio_part_068
prepare task: /mnt/NFS1/zhangyanchao/src_mul_channel/multi_channel_20190310_05/decode_workspace_xdyx/audio_source/audio_part_070
start task: /mnt/NFS1/zhangyanchao/src_mul_channel/multi_channel_20190310_05/decode_workspace_xdyx/audio_source/audio_part_069
Parameter </mnt/NFS1/zhangyanchao/src_mul_channel/multi_channel_20190310_05/decode_workspace_xdyx/audio_source/audio_part_069> not exist.
end task: /mnt/NFS1/zhangyanchao/src_mul_channel/multi_channel_20190310_05/decode_workspace_xdyx/audio_source/audio_part_069
prepare task: /mnt/NFS1/zhangyanchao/src_mul_channel/multi_channel_20190310_05/decode_workspace_xdyx/audio_source/audio_part_071
start task: /mnt/NFS1/zhangyanchao/src_mul_channel/multi_channel_20190310_05/decode_workspace_xdyx/audio_source/audio_part_070
Parameter </mnt/NFS1/zhangyanchao/src_mul_channel/multi_channel_20190310_05/decode_workspace_xdyx/audio_source/audio_part_070> not exist.
end task: /mnt/NFS1/zhangyanchao/src_mul_channel/multi_channel_20190310_05/decode_workspace_xdyx/audio_source/audio_part_070
prepare task: /mnt/NFS1/zhangyanchao/src_mul_channel/multi_channel_20190310_05/decode_workspace_xdyx/audio_source/audio_part_072
start task: /mnt/NFS1/zhangyanchao/src_mul_channel/multi_channel_20190310_05/decode_workspace_xdyx/audio_source/audio_part_071
Parameter </mnt/NFS1/zhangyanchao/src_mul_channel/multi_channel_20190310_05/decode_workspace_xdyx/audio_source/audio_part_071> not exist.
end task: /mnt/NFS1/zhangyanchao/src_mul_channel/multi_channel_20190310_05/decode_workspace_xdyx/audio_source/audio_part_071
prepare task: /mnt/NFS1/zhangyanchao/src_mul_channel/multi_channel_20190310_05/decode_workspace_xdyx/audio_source/audio_part_073
start task: /mnt/NFS1/zhangyanchao/src_mul_channel/multi_channel_20190310_05/decode_workspace_xdyx/audio_source/audio_part_072
Parameter </mnt/NFS1/zhangyanchao/src_mul_channel/multi_channel_20190310_05/decode_workspace_xdyx/audio_source/audio_part_072> not exist.
end task: /mnt/NFS1/zhangyanchao/src_mul_channel/multi_channel_20190310_05/decode_workspace_xdyx/audio_source/audio_part_072
prepare task: /mnt/NFS1/zhangyanchao/src_mul_channel/multi_channel_20190310_05/decode_workspace_xdyx/audio_source/audio_part_074
start task: /mnt/NFS1/zhangyanchao/src_mul_channel/multi_channel_20190310_05/decode_workspace_xdyx/audio_source/audio_part_073
Parameter </mnt/NFS1/zhangyanchao/src_mul_channel/multi_channel_20190310_05/decode_workspace_xdyx/audio_source/audio_part_073> not exist.
end task: /mnt/NFS1/zhangyanchao/src_mul_channel/multi_channel_20190310_05/decode_workspace_xdyx/audio_source/audio_part_073
prepare task: /mnt/NFS1/zhangyanchao/src_mul_channel/multi_channel_20190310_05/decode_workspace_xdyx/audio_source/audio_part_075
start task: /mnt/NFS1/zhangyanchao/src_mul_channel/multi_channel_20190310_05/decode_workspace_xdyx/audio_source/audio_part_074
Parameter </mnt/NFS1/zhangyanchao/src_mul_channel/multi_channel_20190310_05/decode_workspace_xdyx/audio_source/audio_part_074> not exist.
end task: /mnt/NFS1/zhangyanchao/src_mul_channel/multi_channel_20190310_05/decode_workspace_xdyx/audio_source/audio_part_074
prepare task: /mnt/NFS1/zhangyanchao/src_mul_channel/multi_channel_20190310_05/decode_workspace_xdyx/audio_source/audio_part_076
start task: /mnt/NFS1/zhangyanchao/src_mul_channel/multi_channel_20190310_05/decode_workspace_xdyx/audio_source/audio_part_075
Parameter </mnt/NFS1/zhangyanchao/src_mul_channel/multi_channel_20190310_05/decode_workspace_xdyx/audio_source/audio_part_075> not exist.
end task: /mnt/NFS1/zhangyanchao/src_mul_channel/multi_channel_20190310_05/decode_workspace_xdyx/audio_source/audio_part_075
prepare task: /mnt/NFS1/zhangyanchao/src_mul_channel/multi_channel_20190310_05/decode_workspace_xdyx/audio_source/audio_part_077
start task: /mnt/NFS1/zhangyanchao/src_mul_channel/multi_channel_20190310_05/decode_workspace_xdyx/audio_source/audio_part_076
Parameter </mnt/NFS1/zhangyanchao/src_mul_channel/multi_channel_20190310_05/decode_workspace_xdyx/audio_source/audio_part_076> not exist.
end task: /mnt/NFS1/zhangyanchao/src_mul_channel/multi_channel_20190310_05/decode_workspace_xdyx/audio_source/audio_part_076
prepare task: /mnt/NFS1/zhangyanchao/src_mul_channel/multi_channel_20190310_05/decode_workspace_xdyx/audio_source/audio_part_078
start task: /mnt/NFS1/zhangyanchao/src_mul_channel/multi_channel_20190310_05/decode_workspace_xdyx/audio_source/audio_part_077
Parameter </mnt/NFS1/zhangyanchao/src_mul_channel/multi_channel_20190310_05/decode_workspace_xdyx/audio_source/audio_part_077> not exist.
end task: /mnt/NFS1/zhangyanchao/src_mul_channel/multi_channel_20190310_05/decode_workspace_xdyx/audio_source/audio_part_077
prepare task: /mnt/NFS1/zhangyanchao/src_mul_channel/multi_channel_20190310_05/decode_workspace_xdyx/audio_source/audio_part_079
start task: /mnt/NFS1/zhangyanchao/src_mul_channel/multi_channel_20190310_05/decode_workspace_xdyx/audio_source/audio_part_078
Parameter </mnt/NFS1/zhangyanchao/src_mul_channel/multi_channel_20190310_05/decode_workspace_xdyx/audio_source/audio_part_078> not exist.
end task: /mnt/NFS1/zhangyanchao/src_mul_channel/multi_channel_20190310_05/decode_workspace_xdyx/audio_source/audio_part_078
prepare task: /mnt/NFS1/zhangyanchao/src_mul_channel/multi_channel_20190310_05/decode_workspace_xdyx/audio_source/audio_part_080
start task: /mnt/NFS1/zhangyanchao/src_mul_channel/multi_channel_20190310_05/decode_workspace_xdyx/audio_source/audio_part_079
Parameter </mnt/NFS1/zhangyanchao/src_mul_channel/multi_channel_20190310_05/decode_workspace_xdyx/audio_source/audio_part_079> not exist.
end task: /mnt/NFS1/zhangyanchao/src_mul_channel/multi_channel_20190310_05/decode_workspace_xdyx/audio_source/audio_part_079
prepare task: /mnt/NFS1/zhangyanchao/src_mul_channel/multi_channel_20190310_05/decode_workspace_xdyx/audio_source/audio_part_081
start task: /mnt/NFS1/zhangyanchao/src_mul_channel/multi_channel_20190310_05/decode_workspace_xdyx/audio_source/audio_part_080
Parameter </mnt/NFS1/zhangyanchao/src_mul_channel/multi_channel_20190310_05/decode_workspace_xdyx/audio_source/audio_part_080> not exist.
end task: /mnt/NFS1/zhangyanchao/src_mul_channel/multi_channel_20190310_05/decode_workspace_xdyx/audio_source/audio_part_080
prepare task: /mnt/NFS1/zhangyanchao/src_mul_channel/multi_channel_20190310_05/decode_workspace_xdyx/audio_source/audio_part_082
start task: /mnt/NFS1/zhangyanchao/src_mul_channel/multi_channel_20190310_05/decode_workspace_xdyx/audio_source/audio_part_081
Parameter </mnt/NFS1/zhangyanchao/src_mul_channel/multi_channel_20190310_05/decode_workspace_xdyx/audio_source/audio_part_081> not exist.
end task: /mnt/NFS1/zhangyanchao/src_mul_channel/multi_channel_20190310_05/decode_workspace_xdyx/audio_source/audio_part_081
prepare task: /mnt/NFS1/zhangyanchao/src_mul_channel/multi_channel_20190310_05/decode_workspace_xdyx/audio_source/audio_part_083
start task: /mnt/NFS1/zhangyanchao/src_mul_channel/multi_channel_20190310_05/decode_workspace_xdyx/audio_source/audio_part_082
Parameter </mnt/NFS1/zhangyanchao/src_mul_channel/multi_channel_20190310_05/decode_workspace_xdyx/audio_source/audio_part_082> not exist.
end task: /mnt/NFS1/zhangyanchao/src_mul_channel/multi_channel_20190310_05/decode_workspace_xdyx/audio_source/audio_part_082
prepare task: /mnt/NFS1/zhangyanchao/src_mul_channel/multi_channel_20190310_05/decode_workspace_xdyx/audio_source/audio_part_084
start task: /mnt/NFS1/zhangyanchao/src_mul_channel/multi_channel_20190310_05/decode_workspace_xdyx/audio_source/audio_part_083
Parameter </mnt/NFS1/zhangyanchao/src_mul_channel/multi_channel_20190310_05/decode_workspace_xdyx/audio_source/audio_part_083> not exist.
end task: /mnt/NFS1/zhangyanchao/src_mul_channel/multi_channel_20190310_05/decode_workspace_xdyx/audio_source/audio_part_083
prepare task: /mnt/NFS1/zhangyanchao/src_mul_channel/multi_channel_20190310_05/decode_workspace_xdyx/audio_source/audio_part_085
start task: /mnt/NFS1/zhangyanchao/src_mul_channel/multi_channel_20190310_05/decode_workspace_xdyx/audio_source/audio_part_084
Parameter </mnt/NFS1/zhangyanchao/src_mul_channel/multi_channel_20190310_05/decode_workspace_xdyx/audio_source/audio_part_084> not exist.
end task: /mnt/NFS1/zhangyanchao/src_mul_channel/multi_channel_20190310_05/decode_workspace_xdyx/audio_source/audio_part_084
prepare task: /mnt/NFS1/zhangyanchao/src_mul_channel/multi_channel_20190310_05/decode_workspace_xdyx/audio_source/audio_part_086
start task: /mnt/NFS1/zhangyanchao/src_mul_channel/multi_channel_20190310_05/decode_workspace_xdyx/audio_source/audio_part_085
Parameter </mnt/NFS1/zhangyanchao/src_mul_channel/multi_channel_20190310_05/decode_workspace_xdyx/audio_source/audio_part_085> not exist.
end task: /mnt/NFS1/zhangyanchao/src_mul_channel/multi_channel_20190310_05/decode_workspace_xdyx/audio_source/audio_part_085
prepare task: /mnt/NFS1/zhangyanchao/src_mul_channel/multi_channel_20190310_05/decode_workspace_xdyx/audio_source/audio_part_087
start task: /mnt/NFS1/zhangyanchao/src_mul_channel/multi_channel_20190310_05/decode_workspace_xdyx/audio_source/audio_part_086
Parameter </mnt/NFS1/zhangyanchao/src_mul_channel/multi_channel_20190310_05/decode_workspace_xdyx/audio_source/audio_part_086> not exist.
end task: /mnt/NFS1/zhangyanchao/src_mul_channel/multi_channel_20190310_05/decode_workspace_xdyx/audio_source/audio_part_086
prepare task: /mnt/NFS1/zhangyanchao/src_mul_channel/multi_channel_20190310_05/decode_workspace_xdyx/audio_source/audio_part_088
start task: /mnt/NFS1/zhangyanchao/src_mul_channel/multi_channel_20190310_05/decode_workspace_xdyx/audio_source/audio_part_087
Parameter </mnt/NFS1/zhangyanchao/src_mul_channel/multi_channel_20190310_05/decode_workspace_xdyx/audio_source/audio_part_087> not exist.
end task: /mnt/NFS1/zhangyanchao/src_mul_channel/multi_channel_20190310_05/decode_workspace_xdyx/audio_source/audio_part_087
prepare task: /mnt/NFS1/zhangyanchao/src_mul_channel/multi_channel_20190310_05/decode_workspace_xdyx/audio_source/audio_part_089
start task: /mnt/NFS1/zhangyanchao/src_mul_channel/multi_channel_20190310_05/decode_workspace_xdyx/audio_source/audio_part_088
Parameter </mnt/NFS1/zhangyanchao/src_mul_channel/multi_channel_20190310_05/decode_workspace_xdyx/audio_source/audio_part_088> not exist.
end task: /mnt/NFS1/zhangyanchao/src_mul_channel/multi_channel_20190310_05/decode_workspace_xdyx/audio_source/audio_part_088
prepare task: /mnt/NFS1/zhangyanchao/src_mul_channel/multi_channel_20190310_05/decode_workspace_xdyx/audio_source/audio_part_090
start task: /mnt/NFS1/zhangyanchao/src_mul_channel/multi_channel_20190310_05/decode_workspace_xdyx/audio_source/audio_part_089
Parameter </mnt/NFS1/zhangyanchao/src_mul_channel/multi_channel_20190310_05/decode_workspace_xdyx/audio_source/audio_part_089> not exist.
end task: /mnt/NFS1/zhangyanchao/src_mul_channel/multi_channel_20190310_05/decode_workspace_xdyx/audio_source/audio_part_089
prepare task: /mnt/NFS1/zhangyanchao/src_mul_channel/multi_channel_20190310_05/decode_workspace_xdyx/audio_source/audio_part_091
start task: /mnt/NFS1/zhangyanchao/src_mul_channel/multi_channel_20190310_05/decode_workspace_xdyx/audio_source/audio_part_090
Parameter </mnt/NFS1/zhangyanchao/src_mul_channel/multi_channel_20190310_05/decode_workspace_xdyx/audio_source/audio_part_090> not exist.
end task: /mnt/NFS1/zhangyanchao/src_mul_channel/multi_channel_20190310_05/decode_workspace_xdyx/audio_source/audio_part_090
prepare task: /mnt/NFS1/zhangyanchao/src_mul_channel/multi_channel_20190310_05/decode_workspace_xdyx/audio_source/audio_part_092
start task: /mnt/NFS1/zhangyanchao/src_mul_channel/multi_channel_20190310_05/decode_workspace_xdyx/audio_source/audio_part_091
Parameter </mnt/NFS1/zhangyanchao/src_mul_channel/multi_channel_20190310_05/decode_workspace_xdyx/audio_source/audio_part_091> not exist.
end task: /mnt/NFS1/zhangyanchao/src_mul_channel/multi_channel_20190310_05/decode_workspace_xdyx/audio_source/audio_part_091
prepare task: /mnt/NFS1/zhangyanchao/src_mul_channel/multi_channel_20190310_05/decode_workspace_xdyx/audio_source/audio_part_093
start task: /mnt/NFS1/zhangyanchao/src_mul_channel/multi_channel_20190310_05/decode_workspace_xdyx/audio_source/audio_part_092
Parameter </mnt/NFS1/zhangyanchao/src_mul_channel/multi_channel_20190310_05/decode_workspace_xdyx/audio_source/audio_part_092> not exist.
end task: /mnt/NFS1/zhangyanchao/src_mul_channel/multi_channel_20190310_05/decode_workspace_xdyx/audio_source/audio_part_092
prepare task: /mnt/NFS1/zhangyanchao/src_mul_channel/multi_channel_20190310_05/decode_workspace_xdyx/audio_source/audio_part_094
start task: /mnt/NFS1/zhangyanchao/src_mul_channel/multi_channel_20190310_05/decode_workspace_xdyx/audio_source/audio_part_093
Parameter </mnt/NFS1/zhangyanchao/src_mul_channel/multi_channel_20190310_05/decode_workspace_xdyx/audio_source/audio_part_093> not exist.
end task: /mnt/NFS1/zhangyanchao/src_mul_channel/multi_channel_20190310_05/decode_workspace_xdyx/audio_source/audio_part_093
prepare task: /mnt/NFS1/zhangyanchao/src_mul_channel/multi_channel_20190310_05/decode_workspace_xdyx/audio_source/audio_part_095
start task: /mnt/NFS1/zhangyanchao/src_mul_channel/multi_channel_20190310_05/decode_workspace_xdyx/audio_source/audio_part_094
Parameter </mnt/NFS1/zhangyanchao/src_mul_channel/multi_channel_20190310_05/decode_workspace_xdyx/audio_source/audio_part_094> not exist.
end task: /mnt/NFS1/zhangyanchao/src_mul_channel/multi_channel_20190310_05/decode_workspace_xdyx/audio_source/audio_part_094
prepare task: /mnt/NFS1/zhangyanchao/src_mul_channel/multi_channel_20190310_05/decode_workspace_xdyx/audio_source/audio_part_096
start task: /mnt/NFS1/zhangyanchao/src_mul_channel/multi_channel_20190310_05/decode_workspace_xdyx/audio_source/audio_part_095
Parameter </mnt/NFS1/zhangyanchao/src_mul_channel/multi_channel_20190310_05/decode_workspace_xdyx/audio_source/audio_part_095> not exist.
end task: /mnt/NFS1/zhangyanchao/src_mul_channel/multi_channel_20190310_05/decode_workspace_xdyx/audio_source/audio_part_095
prepare task: /mnt/NFS1/zhangyanchao/src_mul_channel/multi_channel_20190310_05/decode_workspace_xdyx/audio_source/audio_part_097
start task: /mnt/NFS1/zhangyanchao/src_mul_channel/multi_channel_20190310_05/decode_workspace_xdyx/audio_source/audio_part_096
Parameter </mnt/NFS1/zhangyanchao/src_mul_channel/multi_channel_20190310_05/decode_workspace_xdyx/audio_source/audio_part_096> not exist.
end task: /mnt/NFS1/zhangyanchao/src_mul_channel/multi_channel_20190310_05/decode_workspace_xdyx/audio_source/audio_part_096
start task: /mnt/NFS1/zhangyanchao/src_mul_channel/multi_channel_20190310_05/decode_workspace_xdyx/audio_source/audio_part_097
Parameter </mnt/NFS1/zhangyanchao/src_mul_channel/multi_channel_20190310_05/decode_workspace_xdyx/audio_source/audio_part_097> not exist.
end task: /mnt/NFS1/zhangyanchao/src_mul_channel/multi_channel_20190310_05/decode_workspace_xdyx/audio_source/audio_part_097
decode done.
