prepare task: /mnt/NFS1/zhangyanchao/src_mul_channel/multi_channel_20190315_00/decode_workspace_xdzj/audio_source/audio_part_000
prepare task: /mnt/NFS1/zhangyanchao/src_mul_channel/multi_channel_20190315_00/decode_workspace_xdzj/audio_source/audio_part_001
start task: /mnt/NFS1/zhangyanchao/src_mul_channel/multi_channel_20190315_00/decode_workspace_xdzj/audio_source/audio_part_001
start task: /mnt/NFS1/zhangyanchao/src_mul_channel/multi_channel_20190315_00/decode_workspace_xdzj/audio_source/audio_part_002
003
prepare task: /mnt/NFS1/zhangyanchao/src_mul_channel/multi_channel_20190315_00/decode_workspace_xdzj/audio_source/audio_part_004
prepare task: /mnt/NFS1/zhangyanchao/src_mul_channel/multi_channel_20190315_00/decode_workspace_xdzj/audio_source/audio_part_005
start task: /mnt/NFS1/zhangyanchao/src_mul_channel/multi_channel_20190315_00/decode_workspace_xdzj/audio_source/audio_part_005
6
prepare task: /mnt/NFS1/zhangyanchao/src_mul_channel/multi_channel_20190315_00/decode_workspace_xdzj/audio_source/audio_part_007
start task: /mnt/NFS1/zhangyanchao/src_mul_channel/multi_channel_20190315_00/decode_workspace_xdzj/audio_source/audio_part_007
log will be write in file: /mnt/NFS1/zhangyanchao/src_mul_channel/multi_channel_20190315_00/decode_workspace_xdzj//decode_log/decode_xdzj_20190315_00.audio_part_000.log
log will be write in file: /mnt/NFS1/zhangyanchao/src_mul_channel/multi_channel_20190315_00/decode_workspace_xdzj//decode_log/decode_xdzj_20190315_00.audio_part_005.log
log will be write in file: /mnt/NFS1/zhangyanchao/src_mul_channel/multi_channel_20190315_00/decode_workspace_xdzj//decode_log/decode_xdzj_20190315_00.audio_part_002.log
log will be write in file: /mnt/NFS1/zhangyanchao/src_mul_channel/multi_channel_20190315_00/decode_workspace_xdzj//decode_log/decode_xdzj_20190315_00.audio_part_006.log
log will be write in file: /mnt/NFS1/zhangyanchao/src_mul_channel/multi_channel_20190315_00/decode_workspace_xdzj//decode_log/decode_xdzj_20190315_00.audio_part_007.log
decode done.
end task: /mnt/NFS1/zhangyanchao/src_mul_channel/multi_channel_20190315_00/decode_workspace_xdzj/audio_source/audio_part_007
end task: /mnt/NFS1/zhangyanchao/src_mul_channel/multi_channel_20190315_00/decode_workspace_xdzj/audio_source/audio_part_006
end task: /mnt/NFS1/zhangyanchao/src_mul_channel/multi_channel_20190315_00/decode_workspace_xdzj/audio_source/audio_part_002
end task: /mnt/NFS1/zhangyanchao/src_mul_channel/multi_channel_20190315_00/decode_workspace_xdzj/audio_source/audio_part_000
end task: /mnt/NFS1/zhangyanchao/src_mul_channel/multi_channel_20190315_00/decode_workspace_xdzj/audio_source/audio_part_004
end task: /mnt/NFS1/zhangyanchao/src_mul_channel/multi_channel_20190315_00/decode_workspace_xdzj/audio_source/audio_part_003
end task: /mnt/NFS1/zhangyanchao/src_mul_channel/multi_channel_20190315_00/decode_workspace_xdzj/audio_source/audio_part_005
end task: /mnt/NFS1/zhangyanchao/src_mul_channel/multi_channel_20190315_00/decode_workspace_xdzj/audio_source/audio_part_001
