prepare task: /mnt/NFS1/zhangyanchao/src_mul_channel/multi_channel_20190316_00/decode_workspace_xdyx/audio_source/audio_part_000
prepare task: /mnt/NFS1/zhangyanchao/src_mul_channel/multi_channel_20190316_00/decode_workspace_xdyx/audio_source/audio_part_001
start task: /mnt/NFS1/zhangyanchao/src_mul_channel/multi_channel_20190316_00/decode_workspace_xdyx/audio_source/audio_part_001
start task: /mnt/NFS1/zhangyanchao/src_mul_channel/multi_channel_20190316_00/decode_workspace_xdyx/audio_source/audio_part_002
start task: /mnt/NFS1/zhangyanchao/src_mul_channel/multi_channel_20190316_00/decode_workspace_xdyx/audio_source/audio_part_003
start task: /mnt/NFS1/zhangyanchao/src_mul_channel/multi_channel_20190316_00/decode_workspace_xdyx/audio_source/audio_part_004
start task: /mnt/NFS1/zhangyanchao/src_mul_channel/multi_channel_20190316_00/decode_workspace_xdyx/audio_source/audio_part_005
starprepare task: /mnt/NFS1/zhangyanchao/src_mul_channel/multi_channel_20190316_00/decode_workspace_xdyx/audio_source/audio_part_007
start task: /mnt/NFS1/zhangyanchao/src_mul_channel/multi_channel_20190316_00/decode_workspace_xdyx/audio_source/audio_part_007
log will be write in file: /mnt/NFS1/zhangyanchao/src_mul_channel/multi_channel_20190316_00/decode_workspace_xdyx//decode_log/decode_xdyx_20190316_00.audio_part_002.log
log will be write in file: /mnt/NFS1/zhangyanchao/src_mul_channel/multi_channel_20190316_00/decode_workspace_xdyx//decode_log/decode_xdyx_20190316_00.audio_part_007.log
decode done.
end task: /mnt/NFS1/zhangyanchao/src_mul_channel/multi_channel_20190316_00/decode_workspace_xdyx/audio_source/audio_part_007
end task: /mnt/NFS1/zhangyanchao/src_mul_channel/multi_channel_20190316_00/decode_workspace_xdyx/audio_source/audio_part_006
end task: /mnt/NFS1/zhangyanchao/src_mul_channel/multi_channel_20190316_00/decode_workspace_xdyx/audio_source/audio_part_000
end task: /mnt/NFS1/zhangyanchao/src_mul_channel/multi_channel_20190316_00/decode_workspace_xdyx/audio_source/audio_part_003
end task: /mnt/NFS1/zhangyanchao/src_mul_channel/multi_channel_20190316_00/decode_workspace_xdyx/audio_source/audio_part_005
end task: /mnt/NFS1/zhangyanchao/src_mul_channel/multi_channel_20190316_00/decode_workspace_xdyx/audio_source/audio_part_002
end task: /mnt/NFS1/zhangyanchao/src_mul_channel/multi_channel_20190316_00/decode_workspace_xdyx/audio_source/audio_part_004
end task: /mnt/NFS1/zhangyanchao/src_mul_channel/multi_channel_20190316_00/decode_workspace_xdyx/audio_source/audio_part_001
