prepare task: /mnt/NFS1/zhangyanchao/src_mul_channel/multi_channel_20190312_00/decode_workspace_xdzj/audio_source/audio_part_000
prepare task: /mnt/NFS1/zhangyanchao/src_mul_channel/multi_channel_20190312_00/decode_workspace_xdzj/audio_source/audio_part_001
start task: /mnt/NFS1/zhangyanchao/src_mul_channel/multi_channel_20190312_00/decode_workspace_xdzj/audio_source/audio_part_001
2
start task: /mnt/NFS1/zhangyanchao/src_mul_channel/multi_channel_20190312_00/decode_workspace_xdzj/audio_source/audio_part_002
start task: /mnt/NFS1/zhangyanchao/src_mul_channel/multi_channel_20190312_00/decode_workspace_xdzj/audio_source/audio_part_003
004
prepare task: /mnt/NFS1/zhangyanchao/src_mul_channel/multi_channel_20190312_00/decode_workspace_xdzj/audio_source/audio_part_005
start task: /mnt/NFS1/zhangyanchao/src_mul_channel/multi_channel_20190312_00/decode_workspace_xdzj/audio_source/audio_part_005
6
start task: /mnt/NFS1/zhangyanchao/src_mul_channel/multi_channel_20190312_00/decode_workspace_xdzj/audio_source/audio_part_006
7
start task: /mnt/NFS1/zhangyanchao/src_mul_channel/multi_channel_20190312_00/decode_workspace_xdzj/audio_source/audio_part_007
cat: /mnt/NFS1/zhangyanchao/src_mul_channel/multi_channel_20190312_00/decode_workspace_xdzj/*.out: No such file or directory
decode done.
log will be write in file: /mnt/NFS1/zhangyanchao/src_mul_channel/multi_channel_20190312_00/decode_workspace_xdzj//decode_log/decode_xdzj_20190312_00.audio_part_005.log
log will be write in file: /mnt/NFS1/zhangyanchao/src_mul_channel/multi_channel_20190312_00/decode_workspace_xdzj//decode_log/decode_xdzj_20190312_00.audio_part_004.log
log will be write in file: /mnt/NFS1/zhangyanchao/src_mul_channel/multi_channel_20190312_00/decode_workspace_xdzj//decode_log/decode_xdzj_20190312_00.audio_part_006.log
log will be write in file: /mnt/NFS1/zhangyanchao/src_mul_channel/multi_channel_20190312_00/decode_workspace_xdzj//decode_log/decode_xdzj_20190312_00.audio_part_007.log
log will be write in file: /mnt/NFS1/zhangyanchao/src_mul_channel/multi_channel_20190312_00/decode_workspace_xdzj//decode_log/decode_xdzj_20190312_00.audio_part_002.log
end task: /mnt/NFS1/zhangyanchao/src_mul_channel/multi_channel_20190312_00/decode_workspace_xdzj/audio_source/audio_part_007
end task: /mnt/NFS1/zhangyanchao/src_mul_channel/multi_channel_20190312_00/decode_workspace_xdzj/audio_source/audio_part_003
end task: /mnt/NFS1/zhangyanchao/src_mul_channel/multi_channel_20190312_00/decode_workspace_xdzj/audio_source/audio_part_004
end task: /mnt/NFS1/zhangyanchao/src_mul_channel/multi_channel_20190312_00/decode_workspace_xdzj/audio_source/audio_part_001
end task: /mnt/NFS1/zhangyanchao/src_mul_channel/multi_channel_20190312_00/decode_workspace_xdzj/audio_source/audio_part_002
end task: /mnt/NFS1/zhangyanchao/src_mul_channel/multi_channel_20190312_00/decode_workspace_xdzj/audio_source/audio_part_000
end task: /mnt/NFS1/zhangyanchao/src_mul_channel/multi_channel_20190312_00/decode_workspace_xdzj/audio_source/audio_part_006
end task: /mnt/NFS1/zhangyanchao/src_mul_channel/multi_channel_20190312_00/decode_workspace_xdzj/audio_source/audio_part_005
